<?xml version="1.0" encoding="UTF-8"?>
<!-- Generated by org.testng.reporters.JUnitReportReporter -->
<testsuite hostname="DMIL0154" name="testcases.TestWebApp" tests="1" failures="0" timestamp="19 Sep 2016 17:08:02 GMT" time="4.023" errors="0">
  <testcase name="Login" time="4.023" classname="testcases.TestWebApp"/>
</testsuite> <!-- testcases.TestWebApp -->
