<?xml version="1.0" encoding="UTF-8"?>
<!-- Generated by org.testng.reporters.JUnitReportReporter -->
<testsuite hostname="DMIL0154" name="testNg.Dependency" tests="2" failures="0" timestamp="6 Jul 2016 11:54:30 GMT" time="0.021" errors="0">
  <testcase name="Open" time="0.019" classname="testNg.Dependency"/>
  <testcase name="flight" time="0.002" classname="testNg.Dependency"/>
</testsuite> <!-- testNg.Dependency -->
