<?xml version="1.0" encoding="UTF-8"?>
<!-- Generated by org.testng.reporters.JUnitReportReporter -->
<testsuite hostname="DMIL0154" name="testNg.Annotations" tests="2" failures="0" timestamp="29 Jun 2016 17:39:02 GMT" time="0.008" errors="0">
  <testcase name="LoginLogout" time="0.005" classname="testNg.Annotations"/>
  <testcase name="OpenBrowser" time="0.003" classname="testNg.Annotations"/>
</testsuite> <!-- testNg.Annotations -->
