<?xml version="1.0" encoding="UTF-8"?>
<!-- Generated by org.testng.reporters.JUnitReportReporter -->
<testsuite hostname="DMIL0154" name="com.virgin.bo.common.Login" tests="1" failures="0" timestamp="11 Jul 2016 17:33:39 GMT" time="23.918" errors="0">
  <testcase name="login" time="23.918" classname="com.virgin.bo.common.Login"/>
</testsuite> <!-- com.virgin.bo.common.Login -->
